[2018-11-15 09:15:24] local.ERROR: Trying to get property 'img_url' of non-object (View: C:\Users\FRELYN CHINCHILLA\Desktop\EDUSISTEM-GITHUB\EDUSISTEM\Edusystem\resources\views\sidebar\sidebar.blade.php) (View: C:\Users\FRELYN CHINCHILLA\Desktop\EDUSISTEM-GITHUB\EDUSISTEM\Edusystem\resources\views\sidebar\sidebar.blade.php) {"exception":"[object] (ErrorException(code: 0): Trying to get property 'img_url' of non-object (View: C:\\Users\\FRELYN CHINCHILLA\\Desktop\\EDUSISTEM-GITHUB\\EDUSISTEM\\Edusystem\esources\\views\\sidebar\\sidebar.blade.php) (View: C:\\Users\\FRELYN CHINCHILLA\\Desktop\\EDUSISTEM-GITHUB\\EDUSISTEM\\Edusystem\esources\\views\\sidebar\\sidebar.blade.php) at C:\\Users\\FRELYN CHINCHILLA\\Desktop\\EDUSISTEM-GITHUB\\EDUSISTEM\\Edusystem\\storage\\framework\\views\\561626047497963af5c51e78aaf180baad8178d8.php:56, ErrorException(code: 0): Trying to get property 'img_url' of non-object (View: C:\\Users\\FRELYN CHINCHILLA\\Desktop\\EDUSISTEM-GITHUB\\EDUSISTEM\\Edusystem\esources\\views\\sidebar\\sidebar.blade.php) at C:\\Users\\FRELYN CHINCHILLA\\Desktop\\EDUSISTEM-GITHUB\\EDUSISTEM\\Edusystem\\storage\\framework\\views\\561626047497963af5c51e78aaf180baad8178d8.php:56, ErrorException(code: 0): Trying to get property 'img_url' of non-object at C:\\Users\\FRELYN CHINCHILLA\\Desktop\\EDUSISTEM-GITHUB\\EDUSISTEM\\Edusystem\\storage\\framework\\views\\561626047497963af5c51e78aaf180baad8178d8.php:56)
[stacktrace]
#0 C:\\Users\\FRELYN CHINCHILLA\\Desktop\\EDUSISTEM-GITHUB\\EDUSISTEM\\Edusystem\\vendor\\laravel\\framework\\src\\Illuminate\\View\\Engines\\PhpEngine.php(45): Illuminate\\View\\Engines\\CompilerEngine->handleViewException(Object(ErrorException), 1)
#1 C:\\Users\\FRELYN CHINCHILLA\\Desktop\\EDUSISTEM-GITHUB\\EDUSISTEM\\Edusystem\\vendor\\laravel\\framework\\src\\Illuminate\\View\\Engines\\CompilerEngine.php(59): Illuminate\\View\\Engines\\PhpEngine->evaluatePath('C:\\\\Users\\\\FRELYN...', Array)
#2 C:\\Users\\FRELYN CHINCHILLA\\Desktop\\EDUSISTEM-GITHUB\\EDUSISTEM\\Edusystem\\vendor\\laravel\\framework\\src\\Illuminate\\View\\View.php(142): Illuminate\\View\\Engines\\CompilerEngine->get('C:\\\\Users\\\\FRELYN...', Array)
#3 C:\\Users\\FRELYN CHINCHILLA\\Desktop\\EDUSISTEM-GITHUB\\EDUSISTEM\\Edusystem\\vendor\\laravel\\framework\\src\\Illuminate\\View\\View.php(125): Illuminate\\View\\View->getContents()
#4 C:\\Users\\FRELYN CHINCHILLA\\Desktop\\EDUSISTEM-GITHUB\\EDUSISTEM\\Edusystem\\vendor\\laravel\\framework\\src\\Illuminate\\View\\View.php(90): Illuminate\\View\\View->renderContents()
#5 C:\\Users\\FRELYN CHINCHILLA\\Desktop\\EDUSISTEM-GITHUB\\EDUSISTEM\\Edusystem\\vendor\\laravel\\framework\\src\\Illuminate\\Http\\Response.php(42): Illuminate\\View\\View->render()
#6 C:\\Users\\FRELYN CHINCHILLA\\Desktop\\EDUSISTEM-GITHUB\\EDUSISTEM\\Edusystem\\vendor\\symfony\\http-foundation\\Response.php(202): Illuminate\\Http\\Response->setContent(Object(Illuminate\\View\\View))
#7 C:\\Users\\FRELYN CHINCHILLA\\Desktop\\EDUSISTEM-GITHUB\\EDUSISTEM\\Edusystem\\vendor\\laravel\\framework\\src\\Illuminate\\Routing\\Router.php(747): Symfony\\Component\\HttpFoundation\\Response->__construct(Object(Illuminate\\View\\View))
#8 C:\\Users\\FRELYN CHINCHILLA\\Desktop\\EDUSISTEM-GITHUB\\EDUSISTEM\\Edusystem\\vendor\\laravel\\framework\\src\\Illuminate\\Routing\\Router.php(719): Illuminate\\Routing\\Router::toResponse(Object(Illuminate\\Http\\Request), Object(Illuminate\\View\\View))
#9 C:\\Users\\FRELYN CHINCHILLA\\Desktop\\EDUSISTEM-GITHUB\\EDUSISTEM\\Edusystem\\vendor\\laravel\\framework\\src\\Illuminate\\Routing\\Router.php(679): Illuminate\\Routing\\Router->prepareResponse(Object(Illuminate\\Http\\Request), Object(Illuminate\\View\\View))
#10 C:\\Users\\FRELYN CHINCHILLA\\Desktop\\EDUSISTEM-GITHUB\\EDUSISTEM\\Edusystem\\vendor\\laravel\\framework\\src\\Illuminate\\Routing\\Pipeline.php(30): Illuminate\\Routing\\Router->Illuminate\\Routing\\{closure}(Object(Illuminate\\Http\\Request))
#11 C:\\Users\\FRELYN CHINCHILLA\\Desktop\\EDUSISTEM-GITHUB\\EDUSISTEM\\Edusystem\\vendor\\laravel\\framework\\src\\Illuminate\\Routing\\Middleware\\SubstituteBindings.php(41): Illuminate\\Routing\\Pipeline->Illuminate\\Routing\\{closure}(Object(Illuminate\\Http\\Request))
#12 C:\\Users\\FRELYN CHINCHILLA\\Desktop\\EDUSISTEM-GITHUB\\EDUSISTEM\\Edusystem\\vendor\\laravel\\framework\\src\\Illuminate\\Pipeline\\Pipeline.php(151): Illuminate\\Routing\\Middleware\\SubstituteBindings->handle(Object(Illuminate\\Http\\Request), Object(Closure))
#13 C:\\Users\\FRELYN CHINCHILLA\\Desktop\\EDUSISTEM-GITHUB\\EDUSISTEM\\Edusystem\\vendor\\laravel\\framework\\src\\Illuminate\\Routing\\Pipeline.php(53): Illuminate\\Pipeline\\Pipeline->Illuminate\\Pipeline\\{closure}(Object(Illuminate\\Http\\Request))
#14 C:\\Users\\FRELYN CHINCHILLA\\Desktop\\EDUSISTEM-GITHUB\\EDUSISTEM\\Edusystem\\vendor\\laravel\\framework\\src\\Illuminate\\Foundation\\Http\\Middleware\\VerifyCsrfToken.php(75): Illuminate\\Routing\\Pipeline->Illuminate\\Routing\\{closure}(Object(Illuminate\\Http\\Request))
#15 C:\\Users\\FRELYN CHINCHILLA\\Desktop\\EDUSISTEM-GITHUB\\EDUSISTEM\\Edusystem\\vendor\\laravel\\framework\\src\\Illuminate\\Pipeline\\Pipeline.php(151): Illuminate\\Foundation\\Http\\Middleware\\VerifyCsrfToken->handle(Object(Illuminate\\Http\\Request), Object(Closure))
#16 C:\\Users\\FRELYN CHINCHILLA\\Desktop\\EDUSISTEM-GITHUB\\EDUSISTEM\\Edusystem\\vendor\\laravel\\framework\\src\\Illuminate\\Routing\\Pipeline.php(53): Illuminate\\Pipeline\\Pipeline->Illuminate\\Pipeline\\{closure}(Object(Illuminate\\Http\\Request))
#17 C:\\Users\\FRELYN CHINCHILLA\\Desktop\\EDUSISTEM-GITHUB\\EDUSISTEM\\Edusystem\\vendor\\laravel\\framework\\src\\Illuminate\\View\\Middleware\\ShareErrorsFromSession.php(49): Illuminate\\Routing\\Pipeline->Illuminate\\Routing\\{closure}(Object(Illuminate\\Http\\Request))
#18 C:\\Users\\FRELYN CHINCHILLA\\Desktop\\EDUSISTEM-GITHUB\\EDUSISTEM\\Edusystem\\vendor\\laravel\\framework\\src\\Illuminate\\Pipeline\\Pipeline.php(151): Illuminate\\View\\Middleware\\ShareErrorsFromSession->handle(Object(Illuminate\\Http\\Request), Object(Closure))
#19 C:\\Users\\FRELYN CHINCHILLA\\Desktop\\EDUSISTEM-GITHUB\\EDUSISTEM\\Edusystem\\vendor\\laravel\\framework\\src\\Illuminate\\Routing\\Pipeline.php(53): Illuminate\\Pipeline\\Pipeline->Illuminate\\Pipeline\\{closure}(Object(Illuminate\\Http\\Request))
#20 C:\\Users\\FRELYN CHINCHILLA\\Desktop\\EDUSISTEM-GITHUB\\EDUSISTEM\\Edusystem\\vendor\\laravel\\framework\\src\\Illuminate\\Session\\Middleware\\StartSession.php(63): Illuminate\\Routing\\Pipeline->Illuminate\\Routing\\{closure}(Object(Illuminate\\Http\\Request))
#21 C:\\Users\\FRELYN CHINCHILLA\\Desktop\\EDUSISTEM-GITHUB\\EDUSISTEM\\Edusystem\\vendor\\laravel\\framework\\src\\Illuminate\\Pipeline\\Pipeline.php(151): Illuminate\\Session\\Middleware\\StartSession->handle(Object(Illuminate\\Http\\Request), Object(Closure))
#22 C:\\Users\\FRELYN CHINCHILLA\\Desktop\\EDUSISTEM-GITHUB\\EDUSISTEM\\Edusystem\\vendor\\laravel\\framework\\src\\Illuminate\\Routing\\Pipeline.php(53): Illuminate\\Pipeline\\Pipeline->Illuminate\\Pipeline\\{closure}(Object(Illuminate\\Http\\Request))
#23 C:\\Users\\FRELYN CHINCHILLA\\Desktop\\EDUSISTEM-GITHUB\\EDUSISTEM\\Edusystem\\vendor\\laravel\\framework\\src\\Illuminate\\Cookie\\Middleware\\AddQueuedCookiesToResponse.php(37): Illuminate\\Routing\\Pipeline->Illuminate\\Routing\\{closure}(Object(Illuminate\\Http\\Request))
#24 C:\\Users\\FRELYN CHINCHILLA\\Desktop\\EDUSISTEM-GITHUB\\EDUSISTEM\\Edusystem\\vendor\\laravel\\framework\\src\\Illuminate\\Pipeline\\Pipeline.php(151): Illuminate\\Cookie\\Middleware\\AddQueuedCookiesToResponse->handle(Object(Illuminate\\Http\\Request), Object(Closure))
#25 C:\\Users\\FRELYN CHINCHILLA\\Desktop\\EDUSISTEM-GITHUB\\EDUSISTEM\\Edusystem\\vendor\\laravel\\framework\\src\\Illuminate\\Routing\\Pipeline.php(53): Illuminate\\Pipeline\\Pipeline->Illuminate\\Pipeline\\{closure}(Object(Illuminate\\Http\\Request))
#26 C:\\Users\\FRELYN CHINCHILLA\\Desktop\\EDUSISTEM-GITHUB\\EDUSISTEM\\Edusystem\\vendor\\laravel\\framework\\src\\Illuminate\\Cookie\\Middleware\\EncryptCookies.php(66): Illuminate\\Routing\\Pipeline->Illuminate\\Routing\\{closure}(Object(Illuminate\\Http\\Request))
#27 C:\\Users\\FRELYN CHINCHILLA\\Desktop\\EDUSISTEM-GITHUB\\EDUSISTEM\\Edusystem\\vendor\\laravel\\framework\\src\\Illuminate\\Pipeline\\Pipeline.php(151): Illuminate\\Cookie\\Middleware\\EncryptCookies->handle(Object(Illuminate\\Http\\Request), Object(Closure))
#28 C:\\Users\\FRELYN CHINCHILLA\\Desktop\\EDUSISTEM-GITHUB\\EDUSISTEM\\Edusystem\\vendor\\laravel\\framework\\src\\Illuminate\\Routing\\Pipeline.php(53): Illuminate\\Pipeline\\Pipeline->Illuminate\\Pipeline\\{closure}(Object(Illuminate\\Http\\Request))
#29 C:\\Users\\FRELYN CHINCHILLA\\Desktop\\EDUSISTEM-GITHUB\\EDUSISTEM\\Edusystem\\vendor\\laravel\\framework\\src\\Illuminate\\Pipeline\\Pipeline.php(104): Illuminate\\Routing\\Pipeline->Illuminate\\Routing\\{closure}(Object(Illuminate\\Http\\Request))
#30 C:\\Users\\FRELYN CHINCHILLA\\Desktop\\EDUSISTEM-GITHUB\\EDUSISTEM\\Edusystem\\vendor\\laravel\\framework\\src\\Illuminate\\Routing\\Router.php(681): Illuminate\\Pipeline\\Pipeline->then(Object(Closure))
#31 C:\\Users\\FRELYN CHINCHILLA\\Desktop\\EDUSISTEM-GITHUB\\EDUSISTEM\\Edusystem\\vendor\\laravel\\framework\\src\\Illuminate\\Routing\\Router.php(656): Illuminate\\Routing\\Router->runRouteWithinStack(Object(Illuminate\\Routing\\Route), Object(Illuminate\\Http\\Request))
#32 C:\\Users\\FRELYN CHINCHILLA\\Desktop\\EDUSISTEM-GITHUB\\EDUSISTEM\\Edusystem\\vendor\\laravel\\framework\\src\\Illuminate\\Routing\\Router.php(622): Illuminate\\Routing\\Router->runRoute(Object(Illuminate\\Http\\Request), Object(Illuminate\\Routing\\Route))
#33 C:\\Users\\FRELYN CHINCHILLA\\Desktop\\EDUSISTEM-GITHUB\\EDUSISTEM\\Edusystem\\vendor\\laravel\\framework\\src\\Illuminate\\Routing\\Router.php(611): Illuminate\\Routing\\Router->dispatchToRoute(Object(Illuminate\\Http\\Request))
#34 C:\\Users\\FRELYN CHINCHILLA\\Desktop\\EDUSISTEM-GITHUB\\EDUSISTEM\\Edusystem\\vendor\\laravel\\framework\\src\\Illuminate\\Foundation\\Http\\Kernel.php(176): Illuminate\\Routing\\Router->dispatch(Object(Illuminate\\Http\\Request))
#35 C:\\Users\\FRELYN CHINCHILLA\\Desktop\\EDUSISTEM-GITHUB\\EDUSISTEM\\Edusystem\\vendor\\laravel\\framework\\src\\Illuminate\\Routing\\Pipeline.php(30): Illuminate\\Foundation\\Http\\Kernel->Illuminate\\Foundation\\Http\\{closure}(Object(Illuminate\\Http\\Request))
#36 C:\\Users\\FRELYN CHINCHILLA\\Desktop\\EDUSISTEM-GITHUB\\EDUSISTEM\\Edusystem\\vendor\\fideloper\\proxy\\src\\TrustProxies.php(57): Illuminate\\Routing\\Pipeline->Illuminate\\Routing\\{closure}(Object(Illuminate\\Http\\Request))
#37 C:\\Users\\FRELYN CHINCHILLA\\Desktop\\EDUSISTEM-GITHUB\\EDUSISTEM\\Edusystem\\vendor\\laravel\\framework\\src\\Illuminate\\Pipeline\\Pipeline.php(151): Fideloper\\Proxy\\TrustProxies->handle(Object(Illuminate\\Http\\Request), Object(Closure))
#38 C:\\Users\\FRELYN CHINCHILLA\\Desktop\\EDUSISTEM-GITHUB\\EDUSISTEM\\Edusystem\\vendor\\laravel\\framework\\src\\Illuminate\\Routing\\Pipeline.php(53): Illuminate\\Pipeline\\Pipeline->Illuminate\\Pipeline\\{closure}(Object(Illuminate\\Http\\Request))
#39 C:\\Users\\FRELYN CHINCHILLA\\Desktop\\EDUSISTEM-GITHUB\\EDUSISTEM\\Edusystem\\vendor\\laravel\\framework\\src\\Illuminate\\Foundation\\Http\\Middleware\\TransformsRequest.php(31): Illuminate\\Routing\\Pipeline->Illuminate\\Routing\\{closure}(Object(Illuminate\\Http\\Request))
#40 C:\\Users\\FRELYN CHINCHILLA\\Desktop\\EDUSISTEM-GITHUB\\EDUSISTEM\\Edusystem\\vendor\\laravel\\framework\\src\\Illuminate\\Pipeline\\Pipeline.php(151): Illuminate\\Foundation\\Http\\Middleware\\TransformsRequest->handle(Object(Illuminate\\Http\\Request), Object(Closure))
#41 C:\\Users\\FRELYN CHINCHILLA\\Desktop\\EDUSISTEM-GITHUB\\EDUSISTEM\\Edusystem\\vendor\\laravel\\framework\\src\\Illuminate\\Routing\\Pipeline.php(53): Illuminate\\Pipeline\\Pipeline->Illuminate\\Pipeline\\{closure}(Object(Illuminate\\Http\\Request))
#42 C:\\Users\\FRELYN CHINCHILLA\\Desktop\\EDUSISTEM-GITHUB\\EDUSISTEM\\Edusystem\\vendor\\laravel\\framework\\src\\Illuminate\\Foundation\\Http\\Middleware\\TransformsRequest.php(31): Illuminate\\Routing\\Pipeline->Illuminate\\Routing\\{closure}(Object(Illuminate\\Http\\Request))
#43 C:\\Users\\FRELYN CHINCHILLA\\Desktop\\EDUSISTEM-GITHUB\\EDUSISTEM\\Edusystem\\vendor\\laravel\\framework\\src\\Illuminate\\Pipeline\\Pipeline.php(151): Illuminate\\Foundation\\Http\\Middleware\\TransformsRequest->handle(Object(Illuminate\\Http\\Request), Object(Closure))
#44 C:\\Users\\FRELYN CHINCHILLA\\Desktop\\EDUSISTEM-GITHUB\\EDUSISTEM\\Edusystem\\vendor\\laravel\\framework\\src\\Illuminate\\Routing\\Pipeline.php(53): Illuminate\\Pipeline\\Pipeline->Illuminate\\Pipeline\\{closure}(Object(Illuminate\\Http\\Request))
#45 C:\\Users\\FRELYN CHINCHILLA\\Desktop\\EDUSISTEM-GITHUB\\EDUSISTEM\\Edusystem\\vendor\\laravel\\framework\\src\\Illuminate\\Foundation\\Http\\Middleware\\ValidatePostSize.php(27): Illuminate\\Routing\\Pipeline->Illuminate\\Routing\\{closure}(Object(Illuminate\\Http\\Request))
#46 C:\\Users\\FRELYN CHINCHILLA\\Desktop\\EDUSISTEM-GITHUB\\EDUSISTEM\\Edusystem\\vendor\\laravel\\framework\\src\\Illuminate\\Pipeline\\Pipeline.php(151): Illuminate\\Foundation\\Http\\Middleware\\ValidatePostSize->handle(Object(Illuminate\\Http\\Request), Object(Closure))
#47 C:\\Users\\FRELYN CHINCHILLA\\Desktop\\EDUSISTEM-GITHUB\\EDUSISTEM\\Edusystem\\vendor\\laravel\\framework\\src\\Illuminate\\Routing\\Pipeline.php(53): Illuminate\\Pipeline\\Pipeline->Illuminate\\Pipeline\\{closure}(Object(Illuminate\\Http\\Request))
#48 C:\\Users\\FRELYN CHINCHILLA\\Desktop\\EDUSISTEM-GITHUB\\EDUSISTEM\\Edusystem\\vendor\\laravel\\framework\\src\\Illuminate\\Foundation\\Http\\Middleware\\CheckForMaintenanceMode.php(62): Illuminate\\Routing\\Pipeline->Illuminate\\Routing\\{closure}(Object(Illuminate\\Http\\Request))
#49 C:\\Users\\FRELYN CHINCHILLA\\Desktop\\EDUSISTEM-GITHUB\\EDUSISTEM\\Edusystem\\vendor\\laravel\\framework\\src\\Illuminate\\Pipeline\\Pipeline.php(151): Illuminate\\Foundation\\Http\\Middleware\\CheckForMaintenanceMode->handle(Object(Illuminate\\Http\\Request), Object(Closure))
#50 C:\\Users\\FRELYN CHINCHILLA\\Desktop\\EDUSISTEM-GITHUB\\EDUSISTEM\\Edusystem\\vendor\\laravel\\framework\\src\\Illuminate\\Routing\\Pipeline.php(53): Illuminate\\Pipeline\\Pipeline->Illuminate\\Pipeline\\{closure}(Object(Illuminate\\Http\\Request))
#51 C:\\Users\\FRELYN CHINCHILLA\\Desktop\\EDUSISTEM-GITHUB\\EDUSISTEM\\Edusystem\\vendor\\laravel\\framework\\src\\Illuminate\\Pipeline\\Pipeline.php(104): Illuminate\\Routing\\Pipeline->Illuminate\\Routing\\{closure}(Object(Illuminate\\Http\\Request))
#52 C:\\Users\\FRELYN CHINCHILLA\\Desktop\\EDUSISTEM-GITHUB\\EDUSISTEM\\Edusystem\\vendor\\laravel\\framework\\src\\Illuminate\\Foundation\\Http\\Kernel.php(151): Illuminate\\Pipeline\\Pipeline->then(Object(Closure))
#53 C:\\Users\\FRELYN CHINCHILLA\\Desktop\\EDUSISTEM-GITHUB\\EDUSISTEM\\Edusystem\\vendor\\laravel\\framework\\src\\Illuminate\\Foundation\\Http\\Kernel.php(116): Illuminate\\Foundation\\Http\\Kernel->sendRequestThroughRouter(Object(Illuminate\\Http\\Request))
#54 C:\\Users\\FRELYN CHINCHILLA\\Desktop\\EDUSISTEM-GITHUB\\EDUSISTEM\\Edusystem\\public\\index.php(55): Illuminate\\Foundation\\Http\\Kernel->handle(Object(Illuminate\\Http\\Request))
#55 C:\\Users\\FRELYN CHINCHILLA\\Desktop\\EDUSISTEM-GITHUB\\EDUSISTEM\\Edusystem\\server.php(21): require_once('C:\\\\Users\\\\FRELYN...')
#56 {main}
"} 
[2018-11-15 09:15:34] local.ERROR: Trying to get property 'img_url' of non-object (View: C:\Users\FRELYN CHINCHILLA\Desktop\EDUSISTEM-GITHUB\EDUSISTEM\Edusystem\resources\views\sidebar\sidebar.blade.php) (View: C:\Users\FRELYN CHINCHILLA\Desktop\EDUSISTEM-GITHUB\EDUSISTEM\Edusystem\resources\views\sidebar\sidebar.blade.php) {"exception":"[object] (ErrorException(code: 0): Trying to get property 'img_url' of non-object (View: C:\\Users\\FRELYN CHINCHILLA\\Desktop\\EDUSISTEM-GITHUB\\EDUSISTEM\\Edusystem\esources\\views\\sidebar\\sidebar.blade.php) (View: C:\\Users\\FRELYN CHINCHILLA\\Desktop\\EDUSISTEM-GITHUB\\EDUSISTEM\\Edusystem\esources\\views\\sidebar\\sidebar.blade.php) at C:\\Users\\FRELYN CHINCHILLA\\Desktop\\EDUSISTEM-GITHUB\\EDUSISTEM\\Edusystem\\storage\\framework\\views\\561626047497963af5c51e78aaf180baad8178d8.php:56, ErrorException(code: 0): Trying to get property 'img_url' of non-object (View: C:\\Users\\FRELYN CHINCHILLA\\Desktop\\EDUSISTEM-GITHUB\\EDUSISTEM\\Edusystem\esources\\views\\sidebar\\sidebar.blade.php) at C:\\Users\\FRELYN CHINCHILLA\\Desktop\\EDUSISTEM-GITHUB\\EDUSISTEM\\Edusystem\\storage\\framework\\views\\561626047497963af5c51e78aaf180baad8178d8.php:56, ErrorException(code: 0): Trying to get property 'img_url' of non-object at C:\\Users\\FRELYN CHINCHILLA\\Desktop\\EDUSISTEM-GITHUB\\EDUSISTEM\\Edusystem\\storage\\framework\\views\\561626047497963af5c51e78aaf180baad8178d8.php:56)
[stacktrace]
#0 C:\\Users\\FRELYN CHINCHILLA\\Desktop\\EDUSISTEM-GITHUB\\EDUSISTEM\\Edusystem\\vendor\\laravel\\framework\\src\\Illuminate\\View\\Engines\\PhpEngine.php(45): Illuminate\\View\\Engines\\CompilerEngine->handleViewException(Object(ErrorException), 1)
#1 C:\\Users\\FRELYN CHINCHILLA\\Desktop\\EDUSISTEM-GITHUB\\EDUSISTEM\\Edusystem\\vendor\\laravel\\framework\\src\\Illuminate\\View\\Engines\\CompilerEngine.php(59): Illuminate\\View\\Engines\\PhpEngine->evaluatePath('C:\\\\Users\\\\FRELYN...', Array)
#2 C:\\Users\\FRELYN CHINCHILLA\\Desktop\\EDUSISTEM-GITHUB\\EDUSISTEM\\Edusystem\\vendor\\laravel\\framework\\src\\Illuminate\\View\\View.php(142): Illuminate\\View\\Engines\\CompilerEngine->get('C:\\\\Users\\\\FRELYN...', Array)
#3 C:\\Users\\FRELYN CHINCHILLA\\Desktop\\EDUSISTEM-GITHUB\\EDUSISTEM\\Edusystem\\vendor\\laravel\\framework\\src\\Illuminate\\View\\View.php(125): Illuminate\\View\\View->getContents()
#4 C:\\Users\\FRELYN CHINCHILLA\\Desktop\\EDUSISTEM-GITHUB\\EDUSISTEM\\Edusystem\\vendor\\laravel\\framework\\src\\Illuminate\\View\\View.php(90): Illuminate\\View\\View->renderContents()
#5 C:\\Users\\FRELYN CHINCHILLA\\Desktop\\EDUSISTEM-GITHUB\\EDUSISTEM\\Edusystem\\vendor\\laravel\\framework\\src\\Illuminate\\Http\\Response.php(42): Illuminate\\View\\View->render()
#6 C:\\Users\\FRELYN CHINCHILLA\\Desktop\\EDUSISTEM-GITHUB\\EDUSISTEM\\Edusystem\\vendor\\symfony\\http-foundation\\Response.php(202): Illuminate\\Http\\Response->setContent(Object(Illuminate\\View\\View))
#7 C:\\Users\\FRELYN CHINCHILLA\\Desktop\\EDUSISTEM-GITHUB\\EDUSISTEM\\Edusystem\\vendor\\laravel\\framework\\src\\Illuminate\\Routing\\Router.php(747): Symfony\\Component\\HttpFoundation\\Response->__construct(Object(Illuminate\\View\\View))
#8 C:\\Users\\FRELYN CHINCHILLA\\Desktop\\EDUSISTEM-GITHUB\\EDUSISTEM\\Edusystem\\vendor\\laravel\\framework\\src\\Illuminate\\Routing\\Router.php(719): Illuminate\\Routing\\Router::toResponse(Object(Illuminate\\Http\\Request), Object(Illuminate\\View\\View))
#9 C:\\Users\\FRELYN CHINCHILLA\\Desktop\\EDUSISTEM-GITHUB\\EDUSISTEM\\Edusystem\\vendor\\laravel\\framework\\src\\Illuminate\\Routing\\Router.php(679): Illuminate\\Routing\\Router->prepareResponse(Object(Illuminate\\Http\\Request), Object(Illuminate\\View\\View))
#10 C:\\Users\\FRELYN CHINCHILLA\\Desktop\\EDUSISTEM-GITHUB\\EDUSISTEM\\Edusystem\\vendor\\laravel\\framework\\src\\Illuminate\\Routing\\Pipeline.php(30): Illuminate\\Routing\\Router->Illuminate\\Routing\\{closure}(Object(Illuminate\\Http\\Request))
#11 C:\\Users\\FRELYN CHINCHILLA\\Desktop\\EDUSISTEM-GITHUB\\EDUSISTEM\\Edusystem\\vendor\\laravel\\framework\\src\\Illuminate\\Routing\\Middleware\\SubstituteBindings.php(41): Illuminate\\Routing\\Pipeline->Illuminate\\Routing\\{closure}(Object(Illuminate\\Http\\Request))
#12 C:\\Users\\FRELYN CHINCHILLA\\Desktop\\EDUSISTEM-GITHUB\\EDUSISTEM\\Edusystem\\vendor\\laravel\\framework\\src\\Illuminate\\Pipeline\\Pipeline.php(151): Illuminate\\Routing\\Middleware\\SubstituteBindings->handle(Object(Illuminate\\Http\\Request), Object(Closure))
#13 C:\\Users\\FRELYN CHINCHILLA\\Desktop\\EDUSISTEM-GITHUB\\EDUSISTEM\\Edusystem\\vendor\\laravel\\framework\\src\\Illuminate\\Routing\\Pipeline.php(53): Illuminate\\Pipeline\\Pipeline->Illuminate\\Pipeline\\{closure}(Object(Illuminate\\Http\\Request))
#14 C:\\Users\\FRELYN CHINCHILLA\\Desktop\\EDUSISTEM-GITHUB\\EDUSISTEM\\Edusystem\\vendor\\laravel\\framework\\src\\Illuminate\\Foundation\\Http\\Middleware\\VerifyCsrfToken.php(75): Illuminate\\Routing\\Pipeline->Illuminate\\Routing\\{closure}(Object(Illuminate\\Http\\Request))
#15 C:\\Users\\FRELYN CHINCHILLA\\Desktop\\EDUSISTEM-GITHUB\\EDUSISTEM\\Edusystem\\vendor\\laravel\\framework\\src\\Illuminate\\Pipeline\\Pipeline.php(151): Illuminate\\Foundation\\Http\\Middleware\\VerifyCsrfToken->handle(Object(Illuminate\\Http\\Request), Object(Closure))
#16 C:\\Users\\FRELYN CHINCHILLA\\Desktop\\EDUSISTEM-GITHUB\\EDUSISTEM\\Edusystem\\vendor\\laravel\\framework\\src\\Illuminate\\Routing\\Pipeline.php(53): Illuminate\\Pipeline\\Pipeline->Illuminate\\Pipeline\\{closure}(Object(Illuminate\\Http\\Request))
#17 C:\\Users\\FRELYN CHINCHILLA\\Desktop\\EDUSISTEM-GITHUB\\EDUSISTEM\\Edusystem\\vendor\\laravel\\framework\\src\\Illuminate\\View\\Middleware\\ShareErrorsFromSession.php(49): Illuminate\\Routing\\Pipeline->Illuminate\\Routing\\{closure}(Object(Illuminate\\Http\\Request))
#18 C:\\Users\\FRELYN CHINCHILLA\\Desktop\\EDUSISTEM-GITHUB\\EDUSISTEM\\Edusystem\\vendor\\laravel\\framework\\src\\Illuminate\\Pipeline\\Pipeline.php(151): Illuminate\\View\\Middleware\\ShareErrorsFromSession->handle(Object(Illuminate\\Http\\Request), Object(Closure))
#19 C:\\Users\\FRELYN CHINCHILLA\\Desktop\\EDUSISTEM-GITHUB\\EDUSISTEM\\Edusystem\\vendor\\laravel\\framework\\src\\Illuminate\\Routing\\Pipeline.php(53): Illuminate\\Pipeline\\Pipeline->Illuminate\\Pipeline\\{closure}(Object(Illuminate\\Http\\Request))
#20 C:\\Users\\FRELYN CHINCHILLA\\Desktop\\EDUSISTEM-GITHUB\\EDUSISTEM\\Edusystem\\vendor\\laravel\\framework\\src\\Illuminate\\Session\\Middleware\\StartSession.php(63): Illuminate\\Routing\\Pipeline->Illuminate\\Routing\\{closure}(Object(Illuminate\\Http\\Request))
#21 C:\\Users\\FRELYN CHINCHILLA\\Desktop\\EDUSISTEM-GITHUB\\EDUSISTEM\\Edusystem\\vendor\\laravel\\framework\\src\\Illuminate\\Pipeline\\Pipeline.php(151): Illuminate\\Session\\Middleware\\StartSession->handle(Object(Illuminate\\Http\\Request), Object(Closure))
#22 C:\\Users\\FRELYN CHINCHILLA\\Desktop\\EDUSISTEM-GITHUB\\EDUSISTEM\\Edusystem\\vendor\\laravel\\framework\\src\\Illuminate\\Routing\\Pipeline.php(53): Illuminate\\Pipeline\\Pipeline->Illuminate\\Pipeline\\{closure}(Object(Illuminate\\Http\\Request))
#23 C:\\Users\\FRELYN CHINCHILLA\\Desktop\\EDUSISTEM-GITHUB\\EDUSISTEM\\Edusystem\\vendor\\laravel\\framework\\src\\Illuminate\\Cookie\\Middleware\\AddQueuedCookiesToResponse.php(37): Illuminate\\Routing\\Pipeline->Illuminate\\Routing\\{closure}(Object(Illuminate\\Http\\Request))
#24 C:\\Users\\FRELYN CHINCHILLA\\Desktop\\EDUSISTEM-GITHUB\\EDUSISTEM\\Edusystem\\vendor\\laravel\\framework\\src\\Illuminate\\Pipeline\\Pipeline.php(151): Illuminate\\Cookie\\Middleware\\AddQueuedCookiesToResponse->handle(Object(Illuminate\\Http\\Request), Object(Closure))
#25 C:\\Users\\FRELYN CHINCHILLA\\Desktop\\EDUSISTEM-GITHUB\\EDUSISTEM\\Edusystem\\vendor\\laravel\\framework\\src\\Illuminate\\Routing\\Pipeline.php(53): Illuminate\\Pipeline\\Pipeline->Illuminate\\Pipeline\\{closure}(Object(Illuminate\\Http\\Request))
#26 C:\\Users\\FRELYN CHINCHILLA\\Desktop\\EDUSISTEM-GITHUB\\EDUSISTEM\\Edusystem\\vendor\\laravel\\framework\\src\\Illuminate\\Cookie\\Middleware\\EncryptCookies.php(66): Illuminate\\Routing\\Pipeline->Illuminate\\Routing\\{closure}(Object(Illuminate\\Http\\Request))
#27 C:\\Users\\FRELYN CHINCHILLA\\Desktop\\EDUSISTEM-GITHUB\\EDUSISTEM\\Edusystem\\vendor\\laravel\\framework\\src\\Illuminate\\Pipeline\\Pipeline.php(151): Illuminate\\Cookie\\Middleware\\EncryptCookies->handle(Object(Illuminate\\Http\\Request), Object(Closure))
#28 C:\\Users\\FRELYN CHINCHILLA\\Desktop\\EDUSISTEM-GITHUB\\EDUSISTEM\\Edusystem\\vendor\\laravel\\framework\\src\\Illuminate\\Routing\\Pipeline.php(53): Illuminate\\Pipeline\\Pipeline->Illuminate\\Pipeline\\{closure}(Object(Illuminate\\Http\\Request))
#29 C:\\Users\\FRELYN CHINCHILLA\\Desktop\\EDUSISTEM-GITHUB\\EDUSISTEM\\Edusystem\\vendor\\laravel\\framework\\src\\Illuminate\\Pipeline\\Pipeline.php(104): Illuminate\\Routing\\Pipeline->Illuminate\\Routing\\{closure}(Object(Illuminate\\Http\\Request))
#30 C:\\Users\\FRELYN CHINCHILLA\\Desktop\\EDUSISTEM-GITHUB\\EDUSISTEM\\Edusystem\\vendor\\laravel\\framework\\src\\Illuminate\\Routing\\Router.php(681): Illuminate\\Pipeline\\Pipeline->then(Object(Closure))
#31 C:\\Users\\FRELYN CHINCHILLA\\Desktop\\EDUSISTEM-GITHUB\\EDUSISTEM\\Edusystem\\vendor\\laravel\\framework\\src\\Illuminate\\Routing\\Router.php(656): Illuminate\\Routing\\Router->runRouteWithinStack(Object(Illuminate\\Routing\\Route), Object(Illuminate\\Http\\Request))
#32 C:\\Users\\FRELYN CHINCHILLA\\Desktop\\EDUSISTEM-GITHUB\\EDUSISTEM\\Edusystem\\vendor\\laravel\\framework\\src\\Illuminate\\Routing\\Router.php(622): Illuminate\\Routing\\Router->runRoute(Object(Illuminate\\Http\\Request), Object(Illuminate\\Routing\\Route))
#33 C:\\Users\\FRELYN CHINCHILLA\\Desktop\\EDUSISTEM-GITHUB\\EDUSISTEM\\Edusystem\\vendor\\laravel\\framework\\src\\Illuminate\\Routing\\Router.php(611): Illuminate\\Routing\\Router->dispatchToRoute(Object(Illuminate\\Http\\Request))
#34 C:\\Users\\FRELYN CHINCHILLA\\Desktop\\EDUSISTEM-GITHUB\\EDUSISTEM\\Edusystem\\vendor\\laravel\\framework\\src\\Illuminate\\Foundation\\Http\\Kernel.php(176): Illuminate\\Routing\\Router->dispatch(Object(Illuminate\\Http\\Request))
#35 C:\\Users\\FRELYN CHINCHILLA\\Desktop\\EDUSISTEM-GITHUB\\EDUSISTEM\\Edusystem\\vendor\\laravel\\framework\\src\\Illuminate\\Routing\\Pipeline.php(30): Illuminate\\Foundation\\Http\\Kernel->Illuminate\\Foundation\\Http\\{closure}(Object(Illuminate\\Http\\Request))
#36 C:\\Users\\FRELYN CHINCHILLA\\Desktop\\EDUSISTEM-GITHUB\\EDUSISTEM\\Edusystem\\vendor\\fideloper\\proxy\\src\\TrustProxies.php(57): Illuminate\\Routing\\Pipeline->Illuminate\\Routing\\{closure}(Object(Illuminate\\Http\\Request))
#37 C:\\Users\\FRELYN CHINCHILLA\\Desktop\\EDUSISTEM-GITHUB\\EDUSISTEM\\Edusystem\\vendor\\laravel\\framework\\src\\Illuminate\\Pipeline\\Pipeline.php(151): Fideloper\\Proxy\\TrustProxies->handle(Object(Illuminate\\Http\\Request), Object(Closure))
#38 C:\\Users\\FRELYN CHINCHILLA\\Desktop\\EDUSISTEM-GITHUB\\EDUSISTEM\\Edusystem\\vendor\\laravel\\framework\\src\\Illuminate\\Routing\\Pipeline.php(53): Illuminate\\Pipeline\\Pipeline->Illuminate\\Pipeline\\{closure}(Object(Illuminate\\Http\\Request))
#39 C:\\Users\\FRELYN CHINCHILLA\\Desktop\\EDUSISTEM-GITHUB\\EDUSISTEM\\Edusystem\\vendor\\laravel\\framework\\src\\Illuminate\\Foundation\\Http\\Middleware\\TransformsRequest.php(31): Illuminate\\Routing\\Pipeline->Illuminate\\Routing\\{closure}(Object(Illuminate\\Http\\Request))
#40 C:\\Users\\FRELYN CHINCHILLA\\Desktop\\EDUSISTEM-GITHUB\\EDUSISTEM\\Edusystem\\vendor\\laravel\\framework\\src\\Illuminate\\Pipeline\\Pipeline.php(151): Illuminate\\Foundation\\Http\\Middleware\\TransformsRequest->handle(Object(Illuminate\\Http\\Request), Object(Closure))
#41 C:\\Users\\FRELYN CHINCHILLA\\Desktop\\EDUSISTEM-GITHUB\\EDUSISTEM\\Edusystem\\vendor\\laravel\\framework\\src\\Illuminate\\Routing\\Pipeline.php(53): Illuminate\\Pipeline\\Pipeline->Illuminate\\Pipeline\\{closure}(Object(Illuminate\\Http\\Request))
#42 C:\\Users\\FRELYN CHINCHILLA\\Desktop\\EDUSISTEM-GITHUB\\EDUSISTEM\\Edusystem\\vendor\\laravel\\framework\\src\\Illuminate\\Foundation\\Http\\Middleware\\TransformsRequest.php(31): Illuminate\\Routing\\Pipeline->Illuminate\\Routing\\{closure}(Object(Illuminate\\Http\\Request))
#43 C:\\Users\\FRELYN CHINCHILLA\\Desktop\\EDUSISTEM-GITHUB\\EDUSISTEM\\Edusystem\\vendor\\laravel\\framework\\src\\Illuminate\\Pipeline\\Pipeline.php(151): Illuminate\\Foundation\\Http\\Middleware\\TransformsRequest->handle(Object(Illuminate\\Http\\Request), Object(Closure))
#44 C:\\Users\\FRELYN CHINCHILLA\\Desktop\\EDUSISTEM-GITHUB\\EDUSISTEM\\Edusystem\\vendor\\laravel\\framework\\src\\Illuminate\\Routing\\Pipeline.php(53): Illuminate\\Pipeline\\Pipeline->Illuminate\\Pipeline\\{closure}(Object(Illuminate\\Http\\Request))
#45 C:\\Users\\FRELYN CHINCHILLA\\Desktop\\EDUSISTEM-GITHUB\\EDUSISTEM\\Edusystem\\vendor\\laravel\\framework\\src\\Illuminate\\Foundation\\Http\\Middleware\\ValidatePostSize.php(27): Illuminate\\Routing\\Pipeline->Illuminate\\Routing\\{closure}(Object(Illuminate\\Http\\Request))
#46 C:\\Users\\FRELYN CHINCHILLA\\Desktop\\EDUSISTEM-GITHUB\\EDUSISTEM\\Edusystem\\vendor\\laravel\\framework\\src\\Illuminate\\Pipeline\\Pipeline.php(151): Illuminate\\Foundation\\Http\\Middleware\\ValidatePostSize->handle(Object(Illuminate\\Http\\Request), Object(Closure))
#47 C:\\Users\\FRELYN CHINCHILLA\\Desktop\\EDUSISTEM-GITHUB\\EDUSISTEM\\Edusystem\\vendor\\laravel\\framework\\src\\Illuminate\\Routing\\Pipeline.php(53): Illuminate\\Pipeline\\Pipeline->Illuminate\\Pipeline\\{closure}(Object(Illuminate\\Http\\Request))
#48 C:\\Users\\FRELYN CHINCHILLA\\Desktop\\EDUSISTEM-GITHUB\\EDUSISTEM\\Edusystem\\vendor\\laravel\\framework\\src\\Illuminate\\Foundation\\Http\\Middleware\\CheckForMaintenanceMode.php(62): Illuminate\\Routing\\Pipeline->Illuminate\\Routing\\{closure}(Object(Illuminate\\Http\\Request))
#49 C:\\Users\\FRELYN CHINCHILLA\\Desktop\\EDUSISTEM-GITHUB\\EDUSISTEM\\Edusystem\\vendor\\laravel\\framework\\src\\Illuminate\\Pipeline\\Pipeline.php(151): Illuminate\\Foundation\\Http\\Middleware\\CheckForMaintenanceMode->handle(Object(Illuminate\\Http\\Request), Object(Closure))
#50 C:\\Users\\FRELYN CHINCHILLA\\Desktop\\EDUSISTEM-GITHUB\\EDUSISTEM\\Edusystem\\vendor\\laravel\\framework\\src\\Illuminate\\Routing\\Pipeline.php(53): Illuminate\\Pipeline\\Pipeline->Illuminate\\Pipeline\\{closure}(Object(Illuminate\\Http\\Request))
#51 C:\\Users\\FRELYN CHINCHILLA\\Desktop\\EDUSISTEM-GITHUB\\EDUSISTEM\\Edusystem\\vendor\\laravel\\framework\\src\\Illuminate\\Pipeline\\Pipeline.php(104): Illuminate\\Routing\\Pipeline->Illuminate\\Routing\\{closure}(Object(Illuminate\\Http\\Request))
#52 C:\\Users\\FRELYN CHINCHILLA\\Desktop\\EDUSISTEM-GITHUB\\EDUSISTEM\\Edusystem\\vendor\\laravel\\framework\\src\\Illuminate\\Foundation\\Http\\Kernel.php(151): Illuminate\\Pipeline\\Pipeline->then(Object(Closure))
#53 C:\\Users\\FRELYN CHINCHILLA\\Desktop\\EDUSISTEM-GITHUB\\EDUSISTEM\\Edusystem\\vendor\\laravel\\framework\\src\\Illuminate\\Foundation\\Http\\Kernel.php(116): Illuminate\\Foundation\\Http\\Kernel->sendRequestThroughRouter(Object(Illuminate\\Http\\Request))
#54 C:\\Users\\FRELYN CHINCHILLA\\Desktop\\EDUSISTEM-GITHUB\\EDUSISTEM\\Edusystem\\public\\index.php(55): Illuminate\\Foundation\\Http\\Kernel->handle(Object(Illuminate\\Http\\Request))
#55 C:\\Users\\FRELYN CHINCHILLA\\Desktop\\EDUSISTEM-GITHUB\\EDUSISTEM\\Edusystem\\server.php(21): require_once('C:\\\\Users\\\\FRELYN...')
#56 {main}
"} 
[2018-11-15 09:15:52] local.ERROR: SQLSTATE[HY000] [2002] No se puede establecer una conexión ya que el equipo de destino denegó expresamente dicha conexión.
 (SQL: select * from `users` where `email` = selvinmorazan@gmail.com limit 1)  
